The system is: Linux - 3.10.0-1062.12.1.el7.x86_64 - x86_64
Compiling the C compiler identification source file "CMakeCCompilerId.c" succeeded.
Compiler: /cvmfs/larsoft.opensciencegrid.org/products/gcc/v8_2_0/Linux64bit+3.10-2.17/bin/gcc 
Build flags: 
Id flags: 

The output was:
0


Compilation of the C compiler identification source "CMakeCCompilerId.c" produced "a.out"

The C compiler identification is GNU, found in "/var/clus/usera/afm67/2020/May/CosmicJorisMay2020/LArReco/build/CMakeFiles/2.8.12.2/CompilerIdC/a.out"

Compiling the CXX compiler identification source file "CMakeCXXCompilerId.cpp" succeeded.
Compiler: /cvmfs/larsoft.opensciencegrid.org/products/gcc/v8_2_0/Linux64bit+3.10-2.17/bin/c++ 
Build flags: -std=c++17
Id flags: 

The output was:
0


Compilation of the CXX compiler identification source "CMakeCXXCompilerId.cpp" produced "a.out"

The CXX compiler identification is GNU, found in "/var/clus/usera/afm67/2020/May/CosmicJorisMay2020/LArReco/build/CMakeFiles/2.8.12.2/CompilerIdCXX/a.out"

Determining if the C compiler works passed with the following output:
Change Dir: /var/clus/usera/afm67/2020/May/CosmicJorisMay2020/LArReco/build/CMakeFiles/CMakeTmp

Run Build Command:/usr/bin/gmake "cmTryCompileExec764183830/fast"
/usr/bin/gmake -f CMakeFiles/cmTryCompileExec764183830.dir/build.make CMakeFiles/cmTryCompileExec764183830.dir/build
gmake[1]: Entering directory `/var/clus/usera/afm67/2020/May/CosmicJorisMay2020/LArReco/build/CMakeFiles/CMakeTmp'
/usr/bin/cmake -E cmake_progress_report /var/clus/usera/afm67/2020/May/CosmicJorisMay2020/LArReco/build/CMakeFiles/CMakeTmp/CMakeFiles 1
Building C object CMakeFiles/cmTryCompileExec764183830.dir/testCCompiler.c.o
/cvmfs/larsoft.opensciencegrid.org/products/gcc/v8_2_0/Linux64bit+3.10-2.17/bin/gcc    -o CMakeFiles/cmTryCompileExec764183830.dir/testCCompiler.c.o   -c /var/clus/usera/afm67/2020/May/CosmicJorisMay2020/LArReco/build/CMakeFiles/CMakeTmp/testCCompiler.c
Linking C executable cmTryCompileExec764183830
/usr/bin/cmake -E cmake_link_script CMakeFiles/cmTryCompileExec764183830.dir/link.txt --verbose=1
/cvmfs/larsoft.opensciencegrid.org/products/gcc/v8_2_0/Linux64bit+3.10-2.17/bin/gcc       CMakeFiles/cmTryCompileExec764183830.dir/testCCompiler.c.o  -o cmTryCompileExec764183830 -rdynamic 
gmake[1]: Leaving directory `/var/clus/usera/afm67/2020/May/CosmicJorisMay2020/LArReco/build/CMakeFiles/CMakeTmp'


Detecting C compiler ABI info compiled with the following output:
Change Dir: /var/clus/usera/afm67/2020/May/CosmicJorisMay2020/LArReco/build/CMakeFiles/CMakeTmp

Run Build Command:/usr/bin/gmake "cmTryCompileExec2961682100/fast"
/usr/bin/gmake -f CMakeFiles/cmTryCompileExec2961682100.dir/build.make CMakeFiles/cmTryCompileExec2961682100.dir/build
gmake[1]: Entering directory `/var/clus/usera/afm67/2020/May/CosmicJorisMay2020/LArReco/build/CMakeFiles/CMakeTmp'
/usr/bin/cmake -E cmake_progress_report /var/clus/usera/afm67/2020/May/CosmicJorisMay2020/LArReco/build/CMakeFiles/CMakeTmp/CMakeFiles 1
Building C object CMakeFiles/cmTryCompileExec2961682100.dir/CMakeCCompilerABI.c.o
/cvmfs/larsoft.opensciencegrid.org/products/gcc/v8_2_0/Linux64bit+3.10-2.17/bin/gcc    -o CMakeFiles/cmTryCompileExec2961682100.dir/CMakeCCompilerABI.c.o   -c /usr/share/cmake/Modules/CMakeCCompilerABI.c
Linking C executable cmTryCompileExec2961682100
/usr/bin/cmake -E cmake_link_script CMakeFiles/cmTryCompileExec2961682100.dir/link.txt --verbose=1
/cvmfs/larsoft.opensciencegrid.org/products/gcc/v8_2_0/Linux64bit+3.10-2.17/bin/gcc     -v CMakeFiles/cmTryCompileExec2961682100.dir/CMakeCCompilerABI.c.o  -o cmTryCompileExec2961682100 -rdynamic  
Using built-in specs.
COLLECT_GCC=/cvmfs/larsoft.opensciencegrid.org/products/gcc/v8_2_0/Linux64bit+3.10-2.17/bin/gcc
COLLECT_LTO_WRAPPER=/cvmfs/larsoft.opensciencegrid.org/products/gcc/v8_2_0/Linux64bit+3.10-2.17/bin/../libexec/gcc/x86_64-pc-linux-gnu/8.2.0/lto-wrapper
Target: x86_64-pc-linux-gnu
Configured with: ./configure --prefix=/home/greenc/work/cet-is/test-products/gcc/v8_2_0/Linux64bit+3.10-2.17 --disable-libgcj --enable-threads=posix --enable-__cxa_atexit --enable-languages=c,c++,fortran,lto --with-system-zlib --enable-libstdcxx-time=rt --enable-stage1-checking=yes --enable-checking=release --enable-plugin --enable-lto
Thread model: posix
gcc version 8.2.0 (GCC) 
COMPILER_PATH=/cvmfs/larsoft.opensciencegrid.org/products/gcc/v8_2_0/Linux64bit+3.10-2.17/bin/../libexec/gcc/x86_64-pc-linux-gnu/8.2.0/:/cvmfs/larsoft.opensciencegrid.org/products/gcc/v8_2_0/Linux64bit+3.10-2.17/bin/../libexec/gcc/:/cvmfs/larsoft.opensciencegrid.org/products/gcc/v8_2_0/Linux64bit+3.10-2.17/bin/
LIBRARY_PATH=/cvmfs/larsoft.opensciencegrid.org/products/gcc/v8_2_0/Linux64bit+3.10-2.17/bin/../lib/gcc/x86_64-pc-linux-gnu/8.2.0/:/cvmfs/larsoft.opensciencegrid.org/products/gcc/v8_2_0/Linux64bit+3.10-2.17/bin/../lib/gcc/:/cvmfs/larsoft.opensciencegrid.org/products/gcc/v8_2_0/Linux64bit+3.10-2.17/bin/../lib/gcc/x86_64-pc-linux-gnu/8.2.0/../../../../lib64/:/lib/../lib64/:/usr/lib/../lib64/:/cvmfs/larsoft.opensciencegrid.org/products/gcc/v8_2_0/Linux64bit+3.10-2.17/bin/../lib/gcc/x86_64-pc-linux-gnu/8.2.0/../../../:/lib/:/usr/lib/
COLLECT_GCC_OPTIONS='-v' '-o' 'cmTryCompileExec2961682100' '-rdynamic' '-mtune=generic' '-march=x86-64'
 /cvmfs/larsoft.opensciencegrid.org/products/gcc/v8_2_0/Linux64bit+3.10-2.17/bin/../libexec/gcc/x86_64-pc-linux-gnu/8.2.0/collect2 -plugin /cvmfs/larsoft.opensciencegrid.org/products/gcc/v8_2_0/Linux64bit+3.10-2.17/bin/../libexec/gcc/x86_64-pc-linux-gnu/8.2.0/liblto_plugin.so -plugin-opt=/cvmfs/larsoft.opensciencegrid.org/products/gcc/v8_2_0/Linux64bit+3.10-2.17/bin/../libexec/gcc/x86_64-pc-linux-gnu/8.2.0/lto-wrapper -plugin-opt=-fresolution=/tmp/afm67/cc5J4ze5.res -plugin-opt=-pass-through=-lgcc -plugin-opt=-pass-through=-lgcc_s -plugin-opt=-pass-through=-lc -plugin-opt=-pass-through=-lgcc -plugin-opt=-pass-through=-lgcc_s --eh-frame-hdr -m elf_x86_64 -export-dynamic -dynamic-linker /lib64/ld-linux-x86-64.so.2 -o cmTryCompileExec2961682100 /lib/../lib64/crt1.o /lib/../lib64/crti.o /cvmfs/larsoft.opensciencegrid.org/products/gcc/v8_2_0/Linux64bit+3.10-2.17/bin/../lib/gcc/x86_64-pc-linux-gnu/8.2.0/crtbegin.o -L/cvmfs/larsoft.opensciencegrid.org/products/gcc/v8_2_0/Linux64bit+3.10-2.17/bin/../lib/gcc/x86_64-pc-linux-gnu/8.2.0 -L/cvmfs/larsoft.opensciencegrid.org/products/gcc/v8_2_0/Linux64bit+3.10-2.17/bin/../lib/gcc -L/cvmfs/larsoft.opensciencegrid.org/products/gcc/v8_2_0/Linux64bit+3.10-2.17/bin/../lib/gcc/x86_64-pc-linux-gnu/8.2.0/../../../../lib64 -L/lib/../lib64 -L/usr/lib/../lib64 -L/cvmfs/larsoft.opensciencegrid.org/products/gcc/v8_2_0/Linux64bit+3.10-2.17/bin/../lib/gcc/x86_64-pc-linux-gnu/8.2.0/../../.. CMakeFiles/cmTryCompileExec2961682100.dir/CMakeCCompilerABI.c.o -lgcc --as-needed -lgcc_s --no-as-needed -lc -lgcc --as-needed -lgcc_s --no-as-needed /cvmfs/larsoft.opensciencegrid.org/products/gcc/v8_2_0/Linux64bit+3.10-2.17/bin/../lib/gcc/x86_64-pc-linux-gnu/8.2.0/crtend.o /lib/../lib64/crtn.o
COLLECT_GCC_OPTIONS='-v' '-o' 'cmTryCompileExec2961682100' '-rdynamic' '-mtune=generic' '-march=x86-64'
gmake[1]: Leaving directory `/var/clus/usera/afm67/2020/May/CosmicJorisMay2020/LArReco/build/CMakeFiles/CMakeTmp'


Parsed C implicit link information from above output:
  link line regex: [^( *|.*[/\])(ld|([^/\]+-)?ld|collect2)[^/\]*( |$)]
  ignore line: [Change Dir: /var/clus/usera/afm67/2020/May/CosmicJorisMay2020/LArReco/build/CMakeFiles/CMakeTmp]
  ignore line: []
  ignore line: [Run Build Command:/usr/bin/gmake "cmTryCompileExec2961682100/fast"]
  ignore line: [/usr/bin/gmake -f CMakeFiles/cmTryCompileExec2961682100.dir/build.make CMakeFiles/cmTryCompileExec2961682100.dir/build]
  ignore line: [gmake[1]: Entering directory `/var/clus/usera/afm67/2020/May/CosmicJorisMay2020/LArReco/build/CMakeFiles/CMakeTmp']
  ignore line: [/usr/bin/cmake -E cmake_progress_report /var/clus/usera/afm67/2020/May/CosmicJorisMay2020/LArReco/build/CMakeFiles/CMakeTmp/CMakeFiles 1]
  ignore line: [Building C object CMakeFiles/cmTryCompileExec2961682100.dir/CMakeCCompilerABI.c.o]
  ignore line: [/cvmfs/larsoft.opensciencegrid.org/products/gcc/v8_2_0/Linux64bit+3.10-2.17/bin/gcc    -o CMakeFiles/cmTryCompileExec2961682100.dir/CMakeCCompilerABI.c.o   -c /usr/share/cmake/Modules/CMakeCCompilerABI.c]
  ignore line: [Linking C executable cmTryCompileExec2961682100]
  ignore line: [/usr/bin/cmake -E cmake_link_script CMakeFiles/cmTryCompileExec2961682100.dir/link.txt --verbose=1]
  ignore line: [/cvmfs/larsoft.opensciencegrid.org/products/gcc/v8_2_0/Linux64bit+3.10-2.17/bin/gcc     -v CMakeFiles/cmTryCompileExec2961682100.dir/CMakeCCompilerABI.c.o  -o cmTryCompileExec2961682100 -rdynamic  ]
  ignore line: [Using built-in specs.]
  ignore line: [COLLECT_GCC=/cvmfs/larsoft.opensciencegrid.org/products/gcc/v8_2_0/Linux64bit+3.10-2.17/bin/gcc]
  ignore line: [COLLECT_LTO_WRAPPER=/cvmfs/larsoft.opensciencegrid.org/products/gcc/v8_2_0/Linux64bit+3.10-2.17/bin/../libexec/gcc/x86_64-pc-linux-gnu/8.2.0/lto-wrapper]
  ignore line: [Target: x86_64-pc-linux-gnu]
  ignore line: [Configured with: ./configure --prefix=/home/greenc/work/cet-is/test-products/gcc/v8_2_0/Linux64bit+3.10-2.17 --disable-libgcj --enable-threads=posix --enable-__cxa_atexit --enable-languages=c,c++,fortran,lto --with-system-zlib --enable-libstdcxx-time=rt --enable-stage1-checking=yes --enable-checking=release --enable-plugin --enable-lto]
  ignore line: [Thread model: posix]
  ignore line: [gcc version 8.2.0 (GCC) ]
  ignore line: [COMPILER_PATH=/cvmfs/larsoft.opensciencegrid.org/products/gcc/v8_2_0/Linux64bit+3.10-2.17/bin/../libexec/gcc/x86_64-pc-linux-gnu/8.2.0/:/cvmfs/larsoft.opensciencegrid.org/products/gcc/v8_2_0/Linux64bit+3.10-2.17/bin/../libexec/gcc/:/cvmfs/larsoft.opensciencegrid.org/products/gcc/v8_2_0/Linux64bit+3.10-2.17/bin/]
  ignore line: [LIBRARY_PATH=/cvmfs/larsoft.opensciencegrid.org/products/gcc/v8_2_0/Linux64bit+3.10-2.17/bin/../lib/gcc/x86_64-pc-linux-gnu/8.2.0/:/cvmfs/larsoft.opensciencegrid.org/products/gcc/v8_2_0/Linux64bit+3.10-2.17/bin/../lib/gcc/:/cvmfs/larsoft.opensciencegrid.org/products/gcc/v8_2_0/Linux64bit+3.10-2.17/bin/../lib/gcc/x86_64-pc-linux-gnu/8.2.0/../../../../lib64/:/lib/../lib64/:/usr/lib/../lib64/:/cvmfs/larsoft.opensciencegrid.org/products/gcc/v8_2_0/Linux64bit+3.10-2.17/bin/../lib/gcc/x86_64-pc-linux-gnu/8.2.0/../../../:/lib/:/usr/lib/]
  ignore line: [COLLECT_GCC_OPTIONS='-v' '-o' 'cmTryCompileExec2961682100' '-rdynamic' '-mtune=generic' '-march=x86-64']
  link line: [ /cvmfs/larsoft.opensciencegrid.org/products/gcc/v8_2_0/Linux64bit+3.10-2.17/bin/../libexec/gcc/x86_64-pc-linux-gnu/8.2.0/collect2 -plugin /cvmfs/larsoft.opensciencegrid.org/products/gcc/v8_2_0/Linux64bit+3.10-2.17/bin/../libexec/gcc/x86_64-pc-linux-gnu/8.2.0/liblto_plugin.so -plugin-opt=/cvmfs/larsoft.opensciencegrid.org/products/gcc/v8_2_0/Linux64bit+3.10-2.17/bin/../libexec/gcc/x86_64-pc-linux-gnu/8.2.0/lto-wrapper -plugin-opt=-fresolution=/tmp/afm67/cc5J4ze5.res -plugin-opt=-pass-through=-lgcc -plugin-opt=-pass-through=-lgcc_s -plugin-opt=-pass-through=-lc -plugin-opt=-pass-through=-lgcc -plugin-opt=-pass-through=-lgcc_s --eh-frame-hdr -m elf_x86_64 -export-dynamic -dynamic-linker /lib64/ld-linux-x86-64.so.2 -o cmTryCompileExec2961682100 /lib/../lib64/crt1.o /lib/../lib64/crti.o /cvmfs/larsoft.opensciencegrid.org/products/gcc/v8_2_0/Linux64bit+3.10-2.17/bin/../lib/gcc/x86_64-pc-linux-gnu/8.2.0/crtbegin.o -L/cvmfs/larsoft.opensciencegrid.org/products/gcc/v8_2_0/Linux64bit+3.10-2.17/bin/../lib/gcc/x86_64-pc-linux-gnu/8.2.0 -L/cvmfs/larsoft.opensciencegrid.org/products/gcc/v8_2_0/Linux64bit+3.10-2.17/bin/../lib/gcc -L/cvmfs/larsoft.opensciencegrid.org/products/gcc/v8_2_0/Linux64bit+3.10-2.17/bin/../lib/gcc/x86_64-pc-linux-gnu/8.2.0/../../../../lib64 -L/lib/../lib64 -L/usr/lib/../lib64 -L/cvmfs/larsoft.opensciencegrid.org/products/gcc/v8_2_0/Linux64bit+3.10-2.17/bin/../lib/gcc/x86_64-pc-linux-gnu/8.2.0/../../.. CMakeFiles/cmTryCompileExec2961682100.dir/CMakeCCompilerABI.c.o -lgcc --as-needed -lgcc_s --no-as-needed -lc -lgcc --as-needed -lgcc_s --no-as-needed /cvmfs/larsoft.opensciencegrid.org/products/gcc/v8_2_0/Linux64bit+3.10-2.17/bin/../lib/gcc/x86_64-pc-linux-gnu/8.2.0/crtend.o /lib/../lib64/crtn.o]
    arg [/cvmfs/larsoft.opensciencegrid.org/products/gcc/v8_2_0/Linux64bit+3.10-2.17/bin/../libexec/gcc/x86_64-pc-linux-gnu/8.2.0/collect2] ==> ignore
    arg [-plugin] ==> ignore
    arg [/cvmfs/larsoft.opensciencegrid.org/products/gcc/v8_2_0/Linux64bit+3.10-2.17/bin/../libexec/gcc/x86_64-pc-linux-gnu/8.2.0/liblto_plugin.so] ==> ignore
    arg [-plugin-opt=/cvmfs/larsoft.opensciencegrid.org/products/gcc/v8_2_0/Linux64bit+3.10-2.17/bin/../libexec/gcc/x86_64-pc-linux-gnu/8.2.0/lto-wrapper] ==> ignore
    arg [-plugin-opt=-fresolution=/tmp/afm67/cc5J4ze5.res] ==> ignore
    arg [-plugin-opt=-pass-through=-lgcc] ==> ignore
    arg [-plugin-opt=-pass-through=-lgcc_s] ==> ignore
    arg [-plugin-opt=-pass-through=-lc] ==> ignore
    arg [-plugin-opt=-pass-through=-lgcc] ==> ignore
    arg [-plugin-opt=-pass-through=-lgcc_s] ==> ignore
    arg [--eh-frame-hdr] ==> ignore
    arg [-m] ==> ignore
    arg [elf_x86_64] ==> ignore
    arg [-export-dynamic] ==> ignore
    arg [-dynamic-linker] ==> ignore
    arg [/lib64/ld-linux-x86-64.so.2] ==> ignore
    arg [-o] ==> ignore
    arg [cmTryCompileExec2961682100] ==> ignore
    arg [/lib/../lib64/crt1.o] ==> ignore
    arg [/lib/../lib64/crti.o] ==> ignore
    arg [/cvmfs/larsoft.opensciencegrid.org/products/gcc/v8_2_0/Linux64bit+3.10-2.17/bin/../lib/gcc/x86_64-pc-linux-gnu/8.2.0/crtbegin.o] ==> ignore
    arg [-L/cvmfs/larsoft.opensciencegrid.org/products/gcc/v8_2_0/Linux64bit+3.10-2.17/bin/../lib/gcc/x86_64-pc-linux-gnu/8.2.0] ==> dir [/cvmfs/larsoft.opensciencegrid.org/products/gcc/v8_2_0/Linux64bit+3.10-2.17/bin/../lib/gcc/x86_64-pc-linux-gnu/8.2.0]
    arg [-L/cvmfs/larsoft.opensciencegrid.org/products/gcc/v8_2_0/Linux64bit+3.10-2.17/bin/../lib/gcc] ==> dir [/cvmfs/larsoft.opensciencegrid.org/products/gcc/v8_2_0/Linux64bit+3.10-2.17/bin/../lib/gcc]
    arg [-L/cvmfs/larsoft.opensciencegrid.org/products/gcc/v8_2_0/Linux64bit+3.10-2.17/bin/../lib/gcc/x86_64-pc-linux-gnu/8.2.0/../../../../lib64] ==> dir [/cvmfs/larsoft.opensciencegrid.org/products/gcc/v8_2_0/Linux64bit+3.10-2.17/bin/../lib/gcc/x86_64-pc-linux-gnu/8.2.0/../../../../lib64]
    arg [-L/lib/../lib64] ==> dir [/lib/../lib64]
    arg [-L/usr/lib/../lib64] ==> dir [/usr/lib/../lib64]
    arg [-L/cvmfs/larsoft.opensciencegrid.org/products/gcc/v8_2_0/Linux64bit+3.10-2.17/bin/../lib/gcc/x86_64-pc-linux-gnu/8.2.0/../../..] ==> dir [/cvmfs/larsoft.opensciencegrid.org/products/gcc/v8_2_0/Linux64bit+3.10-2.17/bin/../lib/gcc/x86_64-pc-linux-gnu/8.2.0/../../..]
    arg [CMakeFiles/cmTryCompileExec2961682100.dir/CMakeCCompilerABI.c.o] ==> ignore
    arg [-lgcc] ==> lib [gcc]
    arg [--as-needed] ==> ignore
    arg [-lgcc_s] ==> lib [gcc_s]
    arg [--no-as-needed] ==> ignore
    arg [-lc] ==> lib [c]
    arg [-lgcc] ==> lib [gcc]
    arg [--as-needed] ==> ignore
    arg [-lgcc_s] ==> lib [gcc_s]
    arg [--no-as-needed] ==> ignore
    arg [/cvmfs/larsoft.opensciencegrid.org/products/gcc/v8_2_0/Linux64bit+3.10-2.17/bin/../lib/gcc/x86_64-pc-linux-gnu/8.2.0/crtend.o] ==> ignore
    arg [/lib/../lib64/crtn.o] ==> ignore
  remove lib [gcc]
  remove lib [gcc_s]
  remove lib [gcc]
  remove lib [gcc_s]
  collapse library dir [/cvmfs/larsoft.opensciencegrid.org/products/gcc/v8_2_0/Linux64bit+3.10-2.17/bin/../lib/gcc/x86_64-pc-linux-gnu/8.2.0] ==> [/cvmfs/larsoft.opensciencegrid.org/products/gcc/v8_2_0/Linux64bit+3.10-2.17/lib/gcc/x86_64-pc-linux-gnu/8.2.0]
  collapse library dir [/cvmfs/larsoft.opensciencegrid.org/products/gcc/v8_2_0/Linux64bit+3.10-2.17/bin/../lib/gcc] ==> [/cvmfs/larsoft.opensciencegrid.org/products/gcc/v8_2_0/Linux64bit+3.10-2.17/lib/gcc]
  collapse library dir [/cvmfs/larsoft.opensciencegrid.org/products/gcc/v8_2_0/Linux64bit+3.10-2.17/bin/../lib/gcc/x86_64-pc-linux-gnu/8.2.0/../../../../lib64] ==> [/cvmfs/larsoft.opensciencegrid.org/products/gcc/v8_2_0/Linux64bit+3.10-2.17/lib64]
  collapse library dir [/lib/../lib64] ==> [/lib64]
  collapse library dir [/usr/lib/../lib64] ==> [/usr/lib64]
  collapse library dir [/cvmfs/larsoft.opensciencegrid.org/products/gcc/v8_2_0/Linux64bit+3.10-2.17/bin/../lib/gcc/x86_64-pc-linux-gnu/8.2.0/../../..] ==> [/cvmfs/larsoft.opensciencegrid.org/products/gcc/v8_2_0/Linux64bit+3.10-2.17/lib]
  implicit libs: [c]
  implicit dirs: [/cvmfs/larsoft.opensciencegrid.org/products/gcc/v8_2_0/Linux64bit+3.10-2.17/lib/gcc/x86_64-pc-linux-gnu/8.2.0;/cvmfs/larsoft.opensciencegrid.org/products/gcc/v8_2_0/Linux64bit+3.10-2.17/lib/gcc;/cvmfs/larsoft.opensciencegrid.org/products/gcc/v8_2_0/Linux64bit+3.10-2.17/lib64;/lib64;/usr/lib64;/cvmfs/larsoft.opensciencegrid.org/products/gcc/v8_2_0/Linux64bit+3.10-2.17/lib]
  implicit fwks: []


Determining if the CXX compiler works passed with the following output:
Change Dir: /var/clus/usera/afm67/2020/May/CosmicJorisMay2020/LArReco/build/CMakeFiles/CMakeTmp

Run Build Command:/usr/bin/gmake "cmTryCompileExec1534025571/fast"
/usr/bin/gmake -f CMakeFiles/cmTryCompileExec1534025571.dir/build.make CMakeFiles/cmTryCompileExec1534025571.dir/build
gmake[1]: Entering directory `/var/clus/usera/afm67/2020/May/CosmicJorisMay2020/LArReco/build/CMakeFiles/CMakeTmp'
/usr/bin/cmake -E cmake_progress_report /var/clus/usera/afm67/2020/May/CosmicJorisMay2020/LArReco/build/CMakeFiles/CMakeTmp/CMakeFiles 1
Building CXX object CMakeFiles/cmTryCompileExec1534025571.dir/testCXXCompiler.cxx.o
/cvmfs/larsoft.opensciencegrid.org/products/gcc/v8_2_0/Linux64bit+3.10-2.17/bin/c++    -std=c++17    -o CMakeFiles/cmTryCompileExec1534025571.dir/testCXXCompiler.cxx.o -c /var/clus/usera/afm67/2020/May/CosmicJorisMay2020/LArReco/build/CMakeFiles/CMakeTmp/testCXXCompiler.cxx
Linking CXX executable cmTryCompileExec1534025571
/usr/bin/cmake -E cmake_link_script CMakeFiles/cmTryCompileExec1534025571.dir/link.txt --verbose=1
/cvmfs/larsoft.opensciencegrid.org/products/gcc/v8_2_0/Linux64bit+3.10-2.17/bin/c++   -std=c++17     CMakeFiles/cmTryCompileExec1534025571.dir/testCXXCompiler.cxx.o  -o cmTryCompileExec1534025571 -rdynamic 
gmake[1]: Leaving directory `/var/clus/usera/afm67/2020/May/CosmicJorisMay2020/LArReco/build/CMakeFiles/CMakeTmp'


Detecting CXX compiler ABI info compiled with the following output:
Change Dir: /var/clus/usera/afm67/2020/May/CosmicJorisMay2020/LArReco/build/CMakeFiles/CMakeTmp

Run Build Command:/usr/bin/gmake "cmTryCompileExec891831800/fast"
/usr/bin/gmake -f CMakeFiles/cmTryCompileExec891831800.dir/build.make CMakeFiles/cmTryCompileExec891831800.dir/build
gmake[1]: Entering directory `/var/clus/usera/afm67/2020/May/CosmicJorisMay2020/LArReco/build/CMakeFiles/CMakeTmp'
/usr/bin/cmake -E cmake_progress_report /var/clus/usera/afm67/2020/May/CosmicJorisMay2020/LArReco/build/CMakeFiles/CMakeTmp/CMakeFiles 1
Building CXX object CMakeFiles/cmTryCompileExec891831800.dir/CMakeCXXCompilerABI.cpp.o
/cvmfs/larsoft.opensciencegrid.org/products/gcc/v8_2_0/Linux64bit+3.10-2.17/bin/c++    -std=c++17    -o CMakeFiles/cmTryCompileExec891831800.dir/CMakeCXXCompilerABI.cpp.o -c /usr/share/cmake/Modules/CMakeCXXCompilerABI.cpp
Linking CXX executable cmTryCompileExec891831800
/usr/bin/cmake -E cmake_link_script CMakeFiles/cmTryCompileExec891831800.dir/link.txt --verbose=1
/cvmfs/larsoft.opensciencegrid.org/products/gcc/v8_2_0/Linux64bit+3.10-2.17/bin/c++   -std=c++17   -v CMakeFiles/cmTryCompileExec891831800.dir/CMakeCXXCompilerABI.cpp.o  -o cmTryCompileExec891831800 -rdynamic  
Using built-in specs.
COLLECT_GCC=/cvmfs/larsoft.opensciencegrid.org/products/gcc/v8_2_0/Linux64bit+3.10-2.17/bin/c++
COLLECT_LTO_WRAPPER=/cvmfs/larsoft.opensciencegrid.org/products/gcc/v8_2_0/Linux64bit+3.10-2.17/bin/../libexec/gcc/x86_64-pc-linux-gnu/8.2.0/lto-wrapper
Target: x86_64-pc-linux-gnu
Configured with: ./configure --prefix=/home/greenc/work/cet-is/test-products/gcc/v8_2_0/Linux64bit+3.10-2.17 --disable-libgcj --enable-threads=posix --enable-__cxa_atexit --enable-languages=c,c++,fortran,lto --with-system-zlib --enable-libstdcxx-time=rt --enable-stage1-checking=yes --enable-checking=release --enable-plugin --enable-lto
Thread model: posix
gcc version 8.2.0 (GCC) 
COMPILER_PATH=/cvmfs/larsoft.opensciencegrid.org/products/gcc/v8_2_0/Linux64bit+3.10-2.17/bin/../libexec/gcc/x86_64-pc-linux-gnu/8.2.0/:/cvmfs/larsoft.opensciencegrid.org/products/gcc/v8_2_0/Linux64bit+3.10-2.17/bin/../libexec/gcc/:/cvmfs/larsoft.opensciencegrid.org/products/gcc/v8_2_0/Linux64bit+3.10-2.17/bin/
LIBRARY_PATH=/cvmfs/larsoft.opensciencegrid.org/products/gcc/v8_2_0/Linux64bit+3.10-2.17/bin/../lib/gcc/x86_64-pc-linux-gnu/8.2.0/:/cvmfs/larsoft.opensciencegrid.org/products/gcc/v8_2_0/Linux64bit+3.10-2.17/bin/../lib/gcc/:/cvmfs/larsoft.opensciencegrid.org/products/gcc/v8_2_0/Linux64bit+3.10-2.17/bin/../lib/gcc/x86_64-pc-linux-gnu/8.2.0/../../../../lib64/:/lib/../lib64/:/usr/lib/../lib64/:/cvmfs/larsoft.opensciencegrid.org/products/gcc/v8_2_0/Linux64bit+3.10-2.17/bin/../lib/gcc/x86_64-pc-linux-gnu/8.2.0/../../../:/lib/:/usr/lib/
COLLECT_GCC_OPTIONS='-std=c++17' '-v' '-o' 'cmTryCompileExec891831800' '-rdynamic' '-shared-libgcc' '-mtune=generic' '-march=x86-64'
 /cvmfs/larsoft.opensciencegrid.org/products/gcc/v8_2_0/Linux64bit+3.10-2.17/bin/../libexec/gcc/x86_64-pc-linux-gnu/8.2.0/collect2 -plugin /cvmfs/larsoft.opensciencegrid.org/products/gcc/v8_2_0/Linux64bit+3.10-2.17/bin/../libexec/gcc/x86_64-pc-linux-gnu/8.2.0/liblto_plugin.so -plugin-opt=/cvmfs/larsoft.opensciencegrid.org/products/gcc/v8_2_0/Linux64bit+3.10-2.17/bin/../libexec/gcc/x86_64-pc-linux-gnu/8.2.0/lto-wrapper -plugin-opt=-fresolution=/tmp/afm67/ccNe4d3h.res -plugin-opt=-pass-through=-lgcc_s -plugin-opt=-pass-through=-lgcc -plugin-opt=-pass-through=-lc -plugin-opt=-pass-through=-lgcc_s -plugin-opt=-pass-through=-lgcc --eh-frame-hdr -m elf_x86_64 -export-dynamic -dynamic-linker /lib64/ld-linux-x86-64.so.2 -o cmTryCompileExec891831800 /lib/../lib64/crt1.o /lib/../lib64/crti.o /cvmfs/larsoft.opensciencegrid.org/products/gcc/v8_2_0/Linux64bit+3.10-2.17/bin/../lib/gcc/x86_64-pc-linux-gnu/8.2.0/crtbegin.o -L/cvmfs/larsoft.opensciencegrid.org/products/gcc/v8_2_0/Linux64bit+3.10-2.17/bin/../lib/gcc/x86_64-pc-linux-gnu/8.2.0 -L/cvmfs/larsoft.opensciencegrid.org/products/gcc/v8_2_0/Linux64bit+3.10-2.17/bin/../lib/gcc -L/cvmfs/larsoft.opensciencegrid.org/products/gcc/v8_2_0/Linux64bit+3.10-2.17/bin/../lib/gcc/x86_64-pc-linux-gnu/8.2.0/../../../../lib64 -L/lib/../lib64 -L/usr/lib/../lib64 -L/cvmfs/larsoft.opensciencegrid.org/products/gcc/v8_2_0/Linux64bit+3.10-2.17/bin/../lib/gcc/x86_64-pc-linux-gnu/8.2.0/../../.. CMakeFiles/cmTryCompileExec891831800.dir/CMakeCXXCompilerABI.cpp.o -lstdc++ -lm -lgcc_s -lgcc -lc -lgcc_s -lgcc /cvmfs/larsoft.opensciencegrid.org/products/gcc/v8_2_0/Linux64bit+3.10-2.17/bin/../lib/gcc/x86_64-pc-linux-gnu/8.2.0/crtend.o /lib/../lib64/crtn.o
COLLECT_GCC_OPTIONS='-std=c++17' '-v' '-o' 'cmTryCompileExec891831800' '-rdynamic' '-shared-libgcc' '-mtune=generic' '-march=x86-64'
gmake[1]: Leaving directory `/var/clus/usera/afm67/2020/May/CosmicJorisMay2020/LArReco/build/CMakeFiles/CMakeTmp'


Parsed CXX implicit link information from above output:
  link line regex: [^( *|.*[/\])(ld|([^/\]+-)?ld|collect2)[^/\]*( |$)]
  ignore line: [Change Dir: /var/clus/usera/afm67/2020/May/CosmicJorisMay2020/LArReco/build/CMakeFiles/CMakeTmp]
  ignore line: []
  ignore line: [Run Build Command:/usr/bin/gmake "cmTryCompileExec891831800/fast"]
  ignore line: [/usr/bin/gmake -f CMakeFiles/cmTryCompileExec891831800.dir/build.make CMakeFiles/cmTryCompileExec891831800.dir/build]
  ignore line: [gmake[1]: Entering directory `/var/clus/usera/afm67/2020/May/CosmicJorisMay2020/LArReco/build/CMakeFiles/CMakeTmp']
  ignore line: [/usr/bin/cmake -E cmake_progress_report /var/clus/usera/afm67/2020/May/CosmicJorisMay2020/LArReco/build/CMakeFiles/CMakeTmp/CMakeFiles 1]
  ignore line: [Building CXX object CMakeFiles/cmTryCompileExec891831800.dir/CMakeCXXCompilerABI.cpp.o]
  ignore line: [/cvmfs/larsoft.opensciencegrid.org/products/gcc/v8_2_0/Linux64bit+3.10-2.17/bin/c++    -std=c++17    -o CMakeFiles/cmTryCompileExec891831800.dir/CMakeCXXCompilerABI.cpp.o -c /usr/share/cmake/Modules/CMakeCXXCompilerABI.cpp]
  ignore line: [Linking CXX executable cmTryCompileExec891831800]
  ignore line: [/usr/bin/cmake -E cmake_link_script CMakeFiles/cmTryCompileExec891831800.dir/link.txt --verbose=1]
  ignore line: [/cvmfs/larsoft.opensciencegrid.org/products/gcc/v8_2_0/Linux64bit+3.10-2.17/bin/c++   -std=c++17   -v CMakeFiles/cmTryCompileExec891831800.dir/CMakeCXXCompilerABI.cpp.o  -o cmTryCompileExec891831800 -rdynamic  ]
  ignore line: [Using built-in specs.]
  ignore line: [COLLECT_GCC=/cvmfs/larsoft.opensciencegrid.org/products/gcc/v8_2_0/Linux64bit+3.10-2.17/bin/c++]
  ignore line: [COLLECT_LTO_WRAPPER=/cvmfs/larsoft.opensciencegrid.org/products/gcc/v8_2_0/Linux64bit+3.10-2.17/bin/../libexec/gcc/x86_64-pc-linux-gnu/8.2.0/lto-wrapper]
  ignore line: [Target: x86_64-pc-linux-gnu]
  ignore line: [Configured with: ./configure --prefix=/home/greenc/work/cet-is/test-products/gcc/v8_2_0/Linux64bit+3.10-2.17 --disable-libgcj --enable-threads=posix --enable-__cxa_atexit --enable-languages=c,c++,fortran,lto --with-system-zlib --enable-libstdcxx-time=rt --enable-stage1-checking=yes --enable-checking=release --enable-plugin --enable-lto]
  ignore line: [Thread model: posix]
  ignore line: [gcc version 8.2.0 (GCC) ]
  ignore line: [COMPILER_PATH=/cvmfs/larsoft.opensciencegrid.org/products/gcc/v8_2_0/Linux64bit+3.10-2.17/bin/../libexec/gcc/x86_64-pc-linux-gnu/8.2.0/:/cvmfs/larsoft.opensciencegrid.org/products/gcc/v8_2_0/Linux64bit+3.10-2.17/bin/../libexec/gcc/:/cvmfs/larsoft.opensciencegrid.org/products/gcc/v8_2_0/Linux64bit+3.10-2.17/bin/]
  ignore line: [LIBRARY_PATH=/cvmfs/larsoft.opensciencegrid.org/products/gcc/v8_2_0/Linux64bit+3.10-2.17/bin/../lib/gcc/x86_64-pc-linux-gnu/8.2.0/:/cvmfs/larsoft.opensciencegrid.org/products/gcc/v8_2_0/Linux64bit+3.10-2.17/bin/../lib/gcc/:/cvmfs/larsoft.opensciencegrid.org/products/gcc/v8_2_0/Linux64bit+3.10-2.17/bin/../lib/gcc/x86_64-pc-linux-gnu/8.2.0/../../../../lib64/:/lib/../lib64/:/usr/lib/../lib64/:/cvmfs/larsoft.opensciencegrid.org/products/gcc/v8_2_0/Linux64bit+3.10-2.17/bin/../lib/gcc/x86_64-pc-linux-gnu/8.2.0/../../../:/lib/:/usr/lib/]
  ignore line: [COLLECT_GCC_OPTIONS='-std=c++17' '-v' '-o' 'cmTryCompileExec891831800' '-rdynamic' '-shared-libgcc' '-mtune=generic' '-march=x86-64']
  link line: [ /cvmfs/larsoft.opensciencegrid.org/products/gcc/v8_2_0/Linux64bit+3.10-2.17/bin/../libexec/gcc/x86_64-pc-linux-gnu/8.2.0/collect2 -plugin /cvmfs/larsoft.opensciencegrid.org/products/gcc/v8_2_0/Linux64bit+3.10-2.17/bin/../libexec/gcc/x86_64-pc-linux-gnu/8.2.0/liblto_plugin.so -plugin-opt=/cvmfs/larsoft.opensciencegrid.org/products/gcc/v8_2_0/Linux64bit+3.10-2.17/bin/../libexec/gcc/x86_64-pc-linux-gnu/8.2.0/lto-wrapper -plugin-opt=-fresolution=/tmp/afm67/ccNe4d3h.res -plugin-opt=-pass-through=-lgcc_s -plugin-opt=-pass-through=-lgcc -plugin-opt=-pass-through=-lc -plugin-opt=-pass-through=-lgcc_s -plugin-opt=-pass-through=-lgcc --eh-frame-hdr -m elf_x86_64 -export-dynamic -dynamic-linker /lib64/ld-linux-x86-64.so.2 -o cmTryCompileExec891831800 /lib/../lib64/crt1.o /lib/../lib64/crti.o /cvmfs/larsoft.opensciencegrid.org/products/gcc/v8_2_0/Linux64bit+3.10-2.17/bin/../lib/gcc/x86_64-pc-linux-gnu/8.2.0/crtbegin.o -L/cvmfs/larsoft.opensciencegrid.org/products/gcc/v8_2_0/Linux64bit+3.10-2.17/bin/../lib/gcc/x86_64-pc-linux-gnu/8.2.0 -L/cvmfs/larsoft.opensciencegrid.org/products/gcc/v8_2_0/Linux64bit+3.10-2.17/bin/../lib/gcc -L/cvmfs/larsoft.opensciencegrid.org/products/gcc/v8_2_0/Linux64bit+3.10-2.17/bin/../lib/gcc/x86_64-pc-linux-gnu/8.2.0/../../../../lib64 -L/lib/../lib64 -L/usr/lib/../lib64 -L/cvmfs/larsoft.opensciencegrid.org/products/gcc/v8_2_0/Linux64bit+3.10-2.17/bin/../lib/gcc/x86_64-pc-linux-gnu/8.2.0/../../.. CMakeFiles/cmTryCompileExec891831800.dir/CMakeCXXCompilerABI.cpp.o -lstdc++ -lm -lgcc_s -lgcc -lc -lgcc_s -lgcc /cvmfs/larsoft.opensciencegrid.org/products/gcc/v8_2_0/Linux64bit+3.10-2.17/bin/../lib/gcc/x86_64-pc-linux-gnu/8.2.0/crtend.o /lib/../lib64/crtn.o]
    arg [/cvmfs/larsoft.opensciencegrid.org/products/gcc/v8_2_0/Linux64bit+3.10-2.17/bin/../libexec/gcc/x86_64-pc-linux-gnu/8.2.0/collect2] ==> ignore
    arg [-plugin] ==> ignore
    arg [/cvmfs/larsoft.opensciencegrid.org/products/gcc/v8_2_0/Linux64bit+3.10-2.17/bin/../libexec/gcc/x86_64-pc-linux-gnu/8.2.0/liblto_plugin.so] ==> ignore
    arg [-plugin-opt=/cvmfs/larsoft.opensciencegrid.org/products/gcc/v8_2_0/Linux64bit+3.10-2.17/bin/../libexec/gcc/x86_64-pc-linux-gnu/8.2.0/lto-wrapper] ==> ignore
    arg [-plugin-opt=-fresolution=/tmp/afm67/ccNe4d3h.res] ==> ignore
    arg [-plugin-opt=-pass-through=-lgcc_s] ==> ignore
    arg [-plugin-opt=-pass-through=-lgcc] ==> ignore
    arg [-plugin-opt=-pass-through=-lc] ==> ignore
    arg [-plugin-opt=-pass-through=-lgcc_s] ==> ignore
    arg [-plugin-opt=-pass-through=-lgcc] ==> ignore
    arg [--eh-frame-hdr] ==> ignore
    arg [-m] ==> ignore
    arg [elf_x86_64] ==> ignore
    arg [-export-dynamic] ==> ignore
    arg [-dynamic-linker] ==> ignore
    arg [/lib64/ld-linux-x86-64.so.2] ==> ignore
    arg [-o] ==> ignore
    arg [cmTryCompileExec891831800] ==> ignore
    arg [/lib/../lib64/crt1.o] ==> ignore
    arg [/lib/../lib64/crti.o] ==> ignore
    arg [/cvmfs/larsoft.opensciencegrid.org/products/gcc/v8_2_0/Linux64bit+3.10-2.17/bin/../lib/gcc/x86_64-pc-linux-gnu/8.2.0/crtbegin.o] ==> ignore
    arg [-L/cvmfs/larsoft.opensciencegrid.org/products/gcc/v8_2_0/Linux64bit+3.10-2.17/bin/../lib/gcc/x86_64-pc-linux-gnu/8.2.0] ==> dir [/cvmfs/larsoft.opensciencegrid.org/products/gcc/v8_2_0/Linux64bit+3.10-2.17/bin/../lib/gcc/x86_64-pc-linux-gnu/8.2.0]
    arg [-L/cvmfs/larsoft.opensciencegrid.org/products/gcc/v8_2_0/Linux64bit+3.10-2.17/bin/../lib/gcc] ==> dir [/cvmfs/larsoft.opensciencegrid.org/products/gcc/v8_2_0/Linux64bit+3.10-2.17/bin/../lib/gcc]
    arg [-L/cvmfs/larsoft.opensciencegrid.org/products/gcc/v8_2_0/Linux64bit+3.10-2.17/bin/../lib/gcc/x86_64-pc-linux-gnu/8.2.0/../../../../lib64] ==> dir [/cvmfs/larsoft.opensciencegrid.org/products/gcc/v8_2_0/Linux64bit+3.10-2.17/bin/../lib/gcc/x86_64-pc-linux-gnu/8.2.0/../../../../lib64]
    arg [-L/lib/../lib64] ==> dir [/lib/../lib64]
    arg [-L/usr/lib/../lib64] ==> dir [/usr/lib/../lib64]
    arg [-L/cvmfs/larsoft.opensciencegrid.org/products/gcc/v8_2_0/Linux64bit+3.10-2.17/bin/../lib/gcc/x86_64-pc-linux-gnu/8.2.0/../../..] ==> dir [/cvmfs/larsoft.opensciencegrid.org/products/gcc/v8_2_0/Linux64bit+3.10-2.17/bin/../lib/gcc/x86_64-pc-linux-gnu/8.2.0/../../..]
    arg [CMakeFiles/cmTryCompileExec891831800.dir/CMakeCXXCompilerABI.cpp.o] ==> ignore
    arg [-lstdc++] ==> lib [stdc++]
    arg [-lm] ==> lib [m]
    arg [-lgcc_s] ==> lib [gcc_s]
    arg [-lgcc] ==> lib [gcc]
    arg [-lc] ==> lib [c]
    arg [-lgcc_s] ==> lib [gcc_s]
    arg [-lgcc] ==> lib [gcc]
    arg [/cvmfs/larsoft.opensciencegrid.org/products/gcc/v8_2_0/Linux64bit+3.10-2.17/bin/../lib/gcc/x86_64-pc-linux-gnu/8.2.0/crtend.o] ==> ignore
    arg [/lib/../lib64/crtn.o] ==> ignore
  remove lib [gcc_s]
  remove lib [gcc]
  remove lib [gcc_s]
  remove lib [gcc]
  collapse library dir [/cvmfs/larsoft.opensciencegrid.org/products/gcc/v8_2_0/Linux64bit+3.10-2.17/bin/../lib/gcc/x86_64-pc-linux-gnu/8.2.0] ==> [/cvmfs/larsoft.opensciencegrid.org/products/gcc/v8_2_0/Linux64bit+3.10-2.17/lib/gcc/x86_64-pc-linux-gnu/8.2.0]
  collapse library dir [/cvmfs/larsoft.opensciencegrid.org/products/gcc/v8_2_0/Linux64bit+3.10-2.17/bin/../lib/gcc] ==> [/cvmfs/larsoft.opensciencegrid.org/products/gcc/v8_2_0/Linux64bit+3.10-2.17/lib/gcc]
  collapse library dir [/cvmfs/larsoft.opensciencegrid.org/products/gcc/v8_2_0/Linux64bit+3.10-2.17/bin/../lib/gcc/x86_64-pc-linux-gnu/8.2.0/../../../../lib64] ==> [/cvmfs/larsoft.opensciencegrid.org/products/gcc/v8_2_0/Linux64bit+3.10-2.17/lib64]
  collapse library dir [/lib/../lib64] ==> [/lib64]
  collapse library dir [/usr/lib/../lib64] ==> [/usr/lib64]
  collapse library dir [/cvmfs/larsoft.opensciencegrid.org/products/gcc/v8_2_0/Linux64bit+3.10-2.17/bin/../lib/gcc/x86_64-pc-linux-gnu/8.2.0/../../..] ==> [/cvmfs/larsoft.opensciencegrid.org/products/gcc/v8_2_0/Linux64bit+3.10-2.17/lib]
  implicit libs: [stdc++;m;c]
  implicit dirs: [/cvmfs/larsoft.opensciencegrid.org/products/gcc/v8_2_0/Linux64bit+3.10-2.17/lib/gcc/x86_64-pc-linux-gnu/8.2.0;/cvmfs/larsoft.opensciencegrid.org/products/gcc/v8_2_0/Linux64bit+3.10-2.17/lib/gcc;/cvmfs/larsoft.opensciencegrid.org/products/gcc/v8_2_0/Linux64bit+3.10-2.17/lib64;/lib64;/usr/lib64;/cvmfs/larsoft.opensciencegrid.org/products/gcc/v8_2_0/Linux64bit+3.10-2.17/lib]
  implicit fwks: []


Performing C++ SOURCE FILE Test COMPILER_SUPPORTS_CXX_FLAGS succeded with the following output:
Change Dir: /var/clus/usera/afm67/2020/May/CosmicJorisMay2020/LArReco/build/CMakeFiles/CMakeTmp

Run Build Command:/usr/bin/gmake "cmTryCompileExec1981774957/fast"
/usr/bin/gmake -f CMakeFiles/cmTryCompileExec1981774957.dir/build.make CMakeFiles/cmTryCompileExec1981774957.dir/build
gmake[1]: Entering directory `/var/clus/usera/afm67/2020/May/CosmicJorisMay2020/LArReco/build/CMakeFiles/CMakeTmp'
/usr/bin/cmake -E cmake_progress_report /var/clus/usera/afm67/2020/May/CosmicJorisMay2020/LArReco/build/CMakeFiles/CMakeTmp/CMakeFiles 1
Building CXX object CMakeFiles/cmTryCompileExec1981774957.dir/src.cxx.o
/cvmfs/larsoft.opensciencegrid.org/products/gcc/v8_2_0/Linux64bit+3.10-2.17/bin/c++    -Wall -Wextra -Werror -pedantic -Wno-long-long -Wno-sign-compare -Wshadow -fno-strict-aliasing -std=c++11 -std=c++17 -DCOMPILER_SUPPORTS_CXX_FLAGS   -Wall -Wextra -Werror -pedantic -Wno-long-long -Wno-sign-compare -Wshadow -fno-strict-aliasing -std=c++11 -std=c++17 -o CMakeFiles/cmTryCompileExec1981774957.dir/src.cxx.o -c /var/clus/usera/afm67/2020/May/CosmicJorisMay2020/LArReco/build/CMakeFiles/CMakeTmp/src.cxx
Linking CXX executable cmTryCompileExec1981774957
/usr/bin/cmake -E cmake_link_script CMakeFiles/cmTryCompileExec1981774957.dir/link.txt --verbose=1
/cvmfs/larsoft.opensciencegrid.org/products/gcc/v8_2_0/Linux64bit+3.10-2.17/bin/c++   -Wall -Wextra -Werror -pedantic -Wno-long-long -Wno-sign-compare -Wshadow -fno-strict-aliasing -std=c++11 -std=c++17 -DCOMPILER_SUPPORTS_CXX_FLAGS    CMakeFiles/cmTryCompileExec1981774957.dir/src.cxx.o  -o cmTryCompileExec1981774957 -rdynamic 
gmake[1]: Leaving directory `/var/clus/usera/afm67/2020/May/CosmicJorisMay2020/LArReco/build/CMakeFiles/CMakeTmp'

Source file was:
int main() { return 0;}
